lennard_jones.py call potential
kinetic_energy.py call kinetic
time for setup : 0.7409648895263672
hi
-- hi terms --  1
============ start data loaded ===============
temp 0.04
n. of data torch.Size([500, 2, 4, 2])
temp 0.04
n. of data torch.Size([50, 2, 4, 2])
data loaded time : 0.021201610565185547
============= end data loaded ================
============ start data label ===============
prepare train_label time: 1.2682063579559326
prepare valid_label time: 0.13358616828918457
============= end data label =================
n. of train data reshape  torch.Size([500, 4, 2]) torch.Size([500, 4, 2])
n. of train label reshape  torch.Size([500, 4, 2]) torch.Size([500, 4, 2])
n. of valid data reshape  torch.Size([50, 4, 2]) torch.Size([50, 4, 2])
n. of valid label reshape  torch.Size([50, 4, 2]) torch.Size([50, 4, 2])
Adam
=> no checkpoint found at './saved_model/nsamples550_nparticle4_tau0.1_Adam_lr0.0001_h32_tanh_checkpoint.pth'
prepare train nsamples_cur, tau_cur, MD_iterations
1 0.1 1
nsample 500 50
============================================================
loss each train epoch time 12.298710823059082
============================================================
loss each valid epoch time 0.2235732078552246
============================================================
================ loss each train valid epoch ================
1 epoch: train_loss: 0.005659546228791441 valid_loss: 0.010672228896291927  each epoch time: 12.52233600616455
============================================================
loss each train epoch time 12.224406957626343
============================================================
loss each valid epoch time 0.22616934776306152
============================================================
================ loss each train valid epoch ================
2 epoch: train_loss: 0.0038546525592064425 valid_loss: 0.010625590429408477  each epoch time: 12.450634002685547
============================================================
loss each train epoch time 12.384569644927979
============================================================
loss each valid epoch time 0.22633123397827148
============================================================
================ loss each train valid epoch ================
3 epoch: train_loss: 0.0037726608015073 valid_loss: 0.010584768917178735  each epoch time: 12.610950708389282
============================================================
loss each train epoch time 12.349905014038086
============================================================
loss each valid epoch time 0.23683381080627441
============================================================
================ loss each train valid epoch ================
4 epoch: train_loss: 0.0037287199367965515 valid_loss: 0.010553580620326101  each epoch time: 12.586790084838867
============================================================
loss each train epoch time 12.350194931030273
============================================================
loss each valid epoch time 0.22661089897155762
============================================================
================ loss each train valid epoch ================
5 epoch: train_loss: 0.0037040504752003474 valid_loss: 0.010533379880944266  each epoch time: 12.576857089996338
============================================================
loss each train epoch time 12.34212613105774
============================================================
loss each valid epoch time 0.22604680061340332
============================================================
================ loss each train valid epoch ================
6 epoch: train_loss: 0.0036896307591268852 valid_loss: 0.010521405215840787  each epoch time: 12.56822156906128
============================================================
loss each train epoch time 12.260389566421509
============================================================
loss each valid epoch time 0.2252957820892334
============================================================
================ loss each train valid epoch ================
7 epoch: train_loss: 0.0036807281953952042 valid_loss: 0.010514465547166764  each epoch time: 12.48573350906372
============================================================
loss each train epoch time 12.28250241279602
============================================================
loss each valid epoch time 0.2270674705505371
============================================================
================ loss each train valid epoch ================
8 epoch: train_loss: 0.003674822780685645 valid_loss: 0.01051029852242209  each epoch time: 12.509639501571655
============================================================
loss each train epoch time 12.360898733139038
============================================================
loss each valid epoch time 0.22639894485473633
============================================================
================ loss each train valid epoch ================
9 epoch: train_loss: 0.003670571372127597 valid_loss: 0.010507564622676  each epoch time: 12.58735179901123
============================================================
loss each train epoch time 12.306946039199829
============================================================
loss each valid epoch time 0.22581934928894043
============================================================
================ loss each train valid epoch ================
10 epoch: train_loss: 0.0036672551116389515 valid_loss: 0.010505526048364118  each epoch time: 12.53281307220459
end training... used parameter: tau long: 0.1, tau short: 0.001, epochs time: 126.10894799232483
all process 128.28382754325867
119.67user 15.06system 2:09.80elapsed 103%CPU (0avgtext+0avgdata 1248476maxresident)k
464inputs+896outputs (0major+235382minor)pagefaults 0swaps
